INFO - 08/07/21 09:42:03 - 0:00:00 - ============ Initialized logger ============
INFO - 08/07/21 09:42:03 - 0:00:00 - cuda: True
                                     dico_build: S2T&T2S
                                     dico_eval: data/crosslingual/dictionaries/test_su_id.txt
                                     dico_max_rank: 10000
                                     dico_max_size: 0
                                     dico_method: csls_knn_10
                                     dico_min_size: 0
                                     dico_threshold: 0
                                     dico_train: data/crosslingual/dictionaries/train_su_id.txt
                                     emb_dim: 300
                                     exp_id: 
                                     exp_name: debug
                                     exp_path: /home/m13517114/sekar/MUSE/dumped/debug/37xh8fiu1a
                                     export: txt
                                     max_vocab: 44000
                                     n_refinement: 20
                                     normalize_embeddings: 
                                     seed: -1
                                     src_emb: data/vectors/su_latest_filter.vec
                                     src_lang: su
                                     tgt_emb: data/vectors/id_latest.txt.vec
                                     tgt_lang: id
                                     verbose: 2
INFO - 08/07/21 09:42:03 - 0:00:00 - The experiment will be stored in /home/m13517114/sekar/MUSE/dumped/debug/37xh8fiu1a
INFO - 08/07/21 09:42:09 - 0:00:06 - Loaded 44000 pre-trained word embeddings.
INFO - 08/07/21 09:42:21 - 0:00:18 - Loaded 44000 pre-trained word embeddings.
WARNING - 08/07/21 09:42:21 - 0:00:18 - Could not parse line 
                                         (296)
INFO - 08/07/21 09:42:21 - 0:00:18 - Found 259 pairs of words in the dictionary (207 unique). 37 other pairs contained at least one unknown word (33 in lang1, 31 in lang2)
INFO - 08/07/21 09:42:21 - 0:00:18 - Validation metric: precision_at_1-csls_knn_10
INFO - 08/07/21 09:42:21 - 0:00:18 - Starting iteration 0...
WARNING - 08/07/21 09:42:21 - 0:00:18 - Could not parse line 
                                         (146)
INFO - 08/07/21 09:42:21 - 0:00:18 - Found 122 pairs of words in the dictionary (106 unique). 24 other pairs contained at least one unknown word (24 in lang1, 19 in lang2)
INFO - 08/07/21 09:42:21 - 0:00:18 - 106 source words - nn - Precision at k = 1: 45.283019
INFO - 08/07/21 09:42:21 - 0:00:18 - 106 source words - nn - Precision at k = 5: 77.358491
INFO - 08/07/21 09:42:21 - 0:00:18 - 106 source words - nn - Precision at k = 10: 83.962264
WARNING - 08/07/21 09:42:21 - 0:00:18 - Could not parse line 
                                         (146)
INFO - 08/07/21 09:42:21 - 0:00:18 - Found 122 pairs of words in the dictionary (106 unique). 24 other pairs contained at least one unknown word (24 in lang1, 19 in lang2)
INFO - 08/07/21 09:42:22 - 0:00:19 - 106 source words - csls_knn_10 - Precision at k = 1: 46.226415
INFO - 08/07/21 09:42:22 - 0:00:19 - 106 source words - csls_knn_10 - Precision at k = 5: 76.415094
INFO - 08/07/21 09:42:22 - 0:00:19 - 106 source words - csls_knn_10 - Precision at k = 10: 83.018868
INFO - 08/07/21 09:42:22 - 0:00:19 - Building the train dictionary ...
INFO - 08/07/21 09:42:22 - 0:00:19 - New train dictionary of 8462 pairs.
INFO - 08/07/21 09:42:22 - 0:00:19 - Mean cosine (nn method, S2T build, 10000 max size): 0.42546
INFO - 08/07/21 09:42:24 - 0:00:20 - Building the train dictionary ...
INFO - 08/07/21 09:42:24 - 0:00:20 - New train dictionary of 5822 pairs.
INFO - 08/07/21 09:42:24 - 0:00:20 - Mean cosine (csls_knn_10 method, S2T build, 10000 max size): 0.43024
INFO - 08/07/21 09:42:24 - 0:00:20 - __log__:{"n_iter": 0, "precision_at_1-nn": 45.28301886792453, "precision_at_5-nn": 77.35849056603774, "precision_at_10-nn": 83.9622641509434, "precision_at_1-csls_knn_10": 46.22641509433962, "precision_at_5-csls_knn_10": 76.41509433962264, "precision_at_10-csls_knn_10": 83.01886792452831, "mean_cosine-nn-S2T-10000": 0.4254637062549591, "mean_cosine-csls_knn_10-S2T-10000": 0.43024298548698425}
INFO - 08/07/21 09:42:24 - 0:00:20 - * Best value for "precision_at_1-csls_knn_10": 46.22642
INFO - 08/07/21 09:42:24 - 0:00:20 - * Saving the mapping to /home/m13517114/sekar/MUSE/dumped/debug/37xh8fiu1a/best_mapping.pth ...
INFO - 08/07/21 09:42:24 - 0:00:20 - End of iteration 0.
                                     
                                     
INFO - 08/07/21 09:42:24 - 0:00:20 - Starting iteration 1...
INFO - 08/07/21 09:42:24 - 0:00:20 - Building the train dictionary ...
INFO - 08/07/21 09:42:25 - 0:00:21 - New train dictionary of 2213 pairs.
WARNING - 08/07/21 09:42:25 - 0:00:22 - Could not parse line 
                                         (146)
INFO - 08/07/21 09:42:25 - 0:00:22 - Found 122 pairs of words in the dictionary (106 unique). 24 other pairs contained at least one unknown word (24 in lang1, 19 in lang2)
INFO - 08/07/21 09:42:25 - 0:00:22 - 106 source words - nn - Precision at k = 1: 68.867925
INFO - 08/07/21 09:42:25 - 0:00:22 - 106 source words - nn - Precision at k = 5: 87.735849
INFO - 08/07/21 09:42:25 - 0:00:22 - 106 source words - nn - Precision at k = 10: 87.735849
WARNING - 08/07/21 09:42:25 - 0:00:22 - Could not parse line 
                                         (146)
INFO - 08/07/21 09:42:25 - 0:00:22 - Found 122 pairs of words in the dictionary (106 unique). 24 other pairs contained at least one unknown word (24 in lang1, 19 in lang2)
INFO - 08/07/21 09:42:25 - 0:00:22 - 106 source words - csls_knn_10 - Precision at k = 1: 66.981132
INFO - 08/07/21 09:42:25 - 0:00:22 - 106 source words - csls_knn_10 - Precision at k = 5: 87.735849
INFO - 08/07/21 09:42:25 - 0:00:22 - 106 source words - csls_knn_10 - Precision at k = 10: 88.679245
INFO - 08/07/21 09:42:26 - 0:00:22 - Building the train dictionary ...
INFO - 08/07/21 09:42:26 - 0:00:22 - New train dictionary of 8192 pairs.
INFO - 08/07/21 09:42:26 - 0:00:22 - Mean cosine (nn method, S2T build, 10000 max size): 0.54352
INFO - 08/07/21 09:42:27 - 0:00:24 - Building the train dictionary ...
INFO - 08/07/21 09:42:27 - 0:00:24 - New train dictionary of 6850 pairs.
INFO - 08/07/21 09:42:27 - 0:00:24 - Mean cosine (csls_knn_10 method, S2T build, 10000 max size): 0.55351
INFO - 08/07/21 09:42:27 - 0:00:24 - __log__:{"n_iter": 1, "precision_at_1-nn": 68.86792452830188, "precision_at_5-nn": 87.73584905660378, "precision_at_10-nn": 87.73584905660378, "precision_at_1-csls_knn_10": 66.98113207547169, "precision_at_5-csls_knn_10": 87.73584905660378, "precision_at_10-csls_knn_10": 88.67924528301887, "mean_cosine-nn-S2T-10000": 0.5435188412666321, "mean_cosine-csls_knn_10-S2T-10000": 0.5535134077072144}
INFO - 08/07/21 09:42:27 - 0:00:24 - * Best value for "precision_at_1-csls_knn_10": 66.98113
INFO - 08/07/21 09:42:27 - 0:00:24 - * Saving the mapping to /home/m13517114/sekar/MUSE/dumped/debug/37xh8fiu1a/best_mapping.pth ...
INFO - 08/07/21 09:42:27 - 0:00:24 - End of iteration 1.
                                     
                                     
INFO - 08/07/21 09:42:27 - 0:00:24 - Starting iteration 2...
INFO - 08/07/21 09:42:27 - 0:00:24 - Building the train dictionary ...
INFO - 08/07/21 09:42:28 - 0:00:25 - New train dictionary of 3577 pairs.
WARNING - 08/07/21 09:42:28 - 0:00:25 - Could not parse line 
                                         (146)
INFO - 08/07/21 09:42:28 - 0:00:25 - Found 122 pairs of words in the dictionary (106 unique). 24 other pairs contained at least one unknown word (24 in lang1, 19 in lang2)
INFO - 08/07/21 09:42:28 - 0:00:25 - 106 source words - nn - Precision at k = 1: 70.754717
INFO - 08/07/21 09:42:28 - 0:00:25 - 106 source words - nn - Precision at k = 5: 86.792453
INFO - 08/07/21 09:42:28 - 0:00:25 - 106 source words - nn - Precision at k = 10: 88.679245
WARNING - 08/07/21 09:42:28 - 0:00:25 - Could not parse line 
                                         (146)
INFO - 08/07/21 09:42:28 - 0:00:25 - Found 122 pairs of words in the dictionary (106 unique). 24 other pairs contained at least one unknown word (24 in lang1, 19 in lang2)
INFO - 08/07/21 09:42:29 - 0:00:25 - 106 source words - csls_knn_10 - Precision at k = 1: 70.754717
INFO - 08/07/21 09:42:29 - 0:00:25 - 106 source words - csls_knn_10 - Precision at k = 5: 86.792453
INFO - 08/07/21 09:42:29 - 0:00:25 - 106 source words - csls_knn_10 - Precision at k = 10: 88.679245
INFO - 08/07/21 09:42:29 - 0:00:26 - Building the train dictionary ...
INFO - 08/07/21 09:42:29 - 0:00:26 - New train dictionary of 8067 pairs.
INFO - 08/07/21 09:42:29 - 0:00:26 - Mean cosine (nn method, S2T build, 10000 max size): 0.56753
INFO - 08/07/21 09:42:30 - 0:00:27 - Building the train dictionary ...
INFO - 08/07/21 09:42:30 - 0:00:27 - New train dictionary of 6872 pairs.
INFO - 08/07/21 09:42:30 - 0:00:27 - Mean cosine (csls_knn_10 method, S2T build, 10000 max size): 0.57786
INFO - 08/07/21 09:42:30 - 0:00:27 - __log__:{"n_iter": 2, "precision_at_1-nn": 70.75471698113208, "precision_at_5-nn": 86.79245283018868, "precision_at_10-nn": 88.67924528301887, "precision_at_1-csls_knn_10": 70.75471698113208, "precision_at_5-csls_knn_10": 86.79245283018868, "precision_at_10-csls_knn_10": 88.67924528301887, "mean_cosine-nn-S2T-10000": 0.5675342082977295, "mean_cosine-csls_knn_10-S2T-10000": 0.577856719493866}
INFO - 08/07/21 09:42:30 - 0:00:27 - * Best value for "precision_at_1-csls_knn_10": 70.75472
INFO - 08/07/21 09:42:30 - 0:00:27 - * Saving the mapping to /home/m13517114/sekar/MUSE/dumped/debug/37xh8fiu1a/best_mapping.pth ...
INFO - 08/07/21 09:42:30 - 0:00:27 - End of iteration 2.
                                     
                                     
INFO - 08/07/21 09:42:30 - 0:00:27 - Starting iteration 3...
INFO - 08/07/21 09:42:30 - 0:00:27 - Building the train dictionary ...
INFO - 08/07/21 09:42:32 - 0:00:28 - New train dictionary of 3845 pairs.
WARNING - 08/07/21 09:42:32 - 0:00:28 - Could not parse line 
                                         (146)
INFO - 08/07/21 09:42:32 - 0:00:28 - Found 122 pairs of words in the dictionary (106 unique). 24 other pairs contained at least one unknown word (24 in lang1, 19 in lang2)
INFO - 08/07/21 09:42:32 - 0:00:28 - 106 source words - nn - Precision at k = 1: 70.754717
INFO - 08/07/21 09:42:32 - 0:00:28 - 106 source words - nn - Precision at k = 5: 86.792453
INFO - 08/07/21 09:42:32 - 0:00:28 - 106 source words - nn - Precision at k = 10: 88.679245
WARNING - 08/07/21 09:42:32 - 0:00:28 - Could not parse line 
                                         (146)
INFO - 08/07/21 09:42:32 - 0:00:28 - Found 122 pairs of words in the dictionary (106 unique). 24 other pairs contained at least one unknown word (24 in lang1, 19 in lang2)
INFO - 08/07/21 09:42:32 - 0:00:29 - 106 source words - csls_knn_10 - Precision at k = 1: 71.698113
INFO - 08/07/21 09:42:32 - 0:00:29 - 106 source words - csls_knn_10 - Precision at k = 5: 86.792453
INFO - 08/07/21 09:42:32 - 0:00:29 - 106 source words - csls_knn_10 - Precision at k = 10: 87.735849
INFO - 08/07/21 09:42:32 - 0:00:29 - Building the train dictionary ...
INFO - 08/07/21 09:42:32 - 0:00:29 - New train dictionary of 8014 pairs.
INFO - 08/07/21 09:42:32 - 0:00:29 - Mean cosine (nn method, S2T build, 10000 max size): 0.57161
INFO - 08/07/21 09:42:34 - 0:00:31 - Building the train dictionary ...
INFO - 08/07/21 09:42:34 - 0:00:31 - New train dictionary of 6888 pairs.
INFO - 08/07/21 09:42:34 - 0:00:31 - Mean cosine (csls_knn_10 method, S2T build, 10000 max size): 0.58164
INFO - 08/07/21 09:42:34 - 0:00:31 - __log__:{"n_iter": 3, "precision_at_1-nn": 70.75471698113208, "precision_at_5-nn": 86.79245283018868, "precision_at_10-nn": 88.67924528301887, "precision_at_1-csls_knn_10": 71.69811320754717, "precision_at_5-csls_knn_10": 86.79245283018868, "precision_at_10-csls_knn_10": 87.73584905660378, "mean_cosine-nn-S2T-10000": 0.5716074109077454, "mean_cosine-csls_knn_10-S2T-10000": 0.581642746925354}
INFO - 08/07/21 09:42:34 - 0:00:31 - * Best value for "precision_at_1-csls_knn_10": 71.69811
INFO - 08/07/21 09:42:34 - 0:00:31 - * Saving the mapping to /home/m13517114/sekar/MUSE/dumped/debug/37xh8fiu1a/best_mapping.pth ...
INFO - 08/07/21 09:42:34 - 0:00:31 - End of iteration 3.
                                     
                                     
INFO - 08/07/21 09:42:34 - 0:00:31 - Starting iteration 4...
INFO - 08/07/21 09:42:34 - 0:00:31 - Building the train dictionary ...
INFO - 08/07/21 09:42:35 - 0:00:32 - New train dictionary of 3972 pairs.
WARNING - 08/07/21 09:42:35 - 0:00:32 - Could not parse line 
                                         (146)
INFO - 08/07/21 09:42:35 - 0:00:32 - Found 122 pairs of words in the dictionary (106 unique). 24 other pairs contained at least one unknown word (24 in lang1, 19 in lang2)
INFO - 08/07/21 09:42:35 - 0:00:32 - 106 source words - nn - Precision at k = 1: 71.698113
INFO - 08/07/21 09:42:35 - 0:00:32 - 106 source words - nn - Precision at k = 5: 86.792453
INFO - 08/07/21 09:42:35 - 0:00:32 - 106 source words - nn - Precision at k = 10: 88.679245
WARNING - 08/07/21 09:42:35 - 0:00:32 - Could not parse line 
                                         (146)
INFO - 08/07/21 09:42:35 - 0:00:32 - Found 122 pairs of words in the dictionary (106 unique). 24 other pairs contained at least one unknown word (24 in lang1, 19 in lang2)
INFO - 08/07/21 09:42:36 - 0:00:32 - 106 source words - csls_knn_10 - Precision at k = 1: 71.698113
INFO - 08/07/21 09:42:36 - 0:00:32 - 106 source words - csls_knn_10 - Precision at k = 5: 87.735849
INFO - 08/07/21 09:42:36 - 0:00:32 - 106 source words - csls_knn_10 - Precision at k = 10: 87.735849
INFO - 08/07/21 09:42:36 - 0:00:33 - Building the train dictionary ...
INFO - 08/07/21 09:42:36 - 0:00:33 - New train dictionary of 8006 pairs.
INFO - 08/07/21 09:42:36 - 0:00:33 - Mean cosine (nn method, S2T build, 10000 max size): 0.57249
INFO - 08/07/21 09:42:37 - 0:00:34 - Building the train dictionary ...
INFO - 08/07/21 09:42:37 - 0:00:34 - New train dictionary of 6896 pairs.
INFO - 08/07/21 09:42:37 - 0:00:34 - Mean cosine (csls_knn_10 method, S2T build, 10000 max size): 0.58270
INFO - 08/07/21 09:42:37 - 0:00:34 - __log__:{"n_iter": 4, "precision_at_1-nn": 71.69811320754717, "precision_at_5-nn": 86.79245283018868, "precision_at_10-nn": 88.67924528301887, "precision_at_1-csls_knn_10": 71.69811320754717, "precision_at_5-csls_knn_10": 87.73584905660378, "precision_at_10-csls_knn_10": 87.73584905660378, "mean_cosine-nn-S2T-10000": 0.5724884867668152, "mean_cosine-csls_knn_10-S2T-10000": 0.5827030539512634}
INFO - 08/07/21 09:42:37 - 0:00:34 - End of iteration 4.
                                     
                                     
INFO - 08/07/21 09:42:37 - 0:00:34 - Starting iteration 5...
INFO - 08/07/21 09:42:37 - 0:00:34 - Building the train dictionary ...
INFO - 08/07/21 09:42:38 - 0:00:35 - New train dictionary of 4005 pairs.
WARNING - 08/07/21 09:42:38 - 0:00:35 - Could not parse line 
                                         (146)
INFO - 08/07/21 09:42:38 - 0:00:35 - Found 122 pairs of words in the dictionary (106 unique). 24 other pairs contained at least one unknown word (24 in lang1, 19 in lang2)
INFO - 08/07/21 09:42:38 - 0:00:35 - 106 source words - nn - Precision at k = 1: 70.754717
INFO - 08/07/21 09:42:38 - 0:00:35 - 106 source words - nn - Precision at k = 5: 86.792453
INFO - 08/07/21 09:42:38 - 0:00:35 - 106 source words - nn - Precision at k = 10: 88.679245
WARNING - 08/07/21 09:42:38 - 0:00:35 - Could not parse line 
                                         (146)
INFO - 08/07/21 09:42:38 - 0:00:35 - Found 122 pairs of words in the dictionary (106 unique). 24 other pairs contained at least one unknown word (24 in lang1, 19 in lang2)
INFO - 08/07/21 09:42:39 - 0:00:36 - 106 source words - csls_knn_10 - Precision at k = 1: 71.698113
INFO - 08/07/21 09:42:39 - 0:00:36 - 106 source words - csls_knn_10 - Precision at k = 5: 87.735849
INFO - 08/07/21 09:42:39 - 0:00:36 - 106 source words - csls_knn_10 - Precision at k = 10: 87.735849
INFO - 08/07/21 09:42:39 - 0:00:36 - Building the train dictionary ...
INFO - 08/07/21 09:42:39 - 0:00:36 - New train dictionary of 8012 pairs.
INFO - 08/07/21 09:42:39 - 0:00:36 - Mean cosine (nn method, S2T build, 10000 max size): 0.57259
INFO - 08/07/21 09:42:41 - 0:00:37 - Building the train dictionary ...
INFO - 08/07/21 09:42:41 - 0:00:37 - New train dictionary of 6901 pairs.
INFO - 08/07/21 09:42:41 - 0:00:37 - Mean cosine (csls_knn_10 method, S2T build, 10000 max size): 0.58287
INFO - 08/07/21 09:42:41 - 0:00:37 - __log__:{"n_iter": 5, "precision_at_1-nn": 70.75471698113208, "precision_at_5-nn": 86.79245283018868, "precision_at_10-nn": 88.67924528301887, "precision_at_1-csls_knn_10": 71.69811320754717, "precision_at_5-csls_knn_10": 87.73584905660378, "precision_at_10-csls_knn_10": 87.73584905660378, "mean_cosine-nn-S2T-10000": 0.572587788105011, "mean_cosine-csls_knn_10-S2T-10000": 0.5828720927238464}
INFO - 08/07/21 09:42:41 - 0:00:37 - End of iteration 5.
                                     
                                     
INFO - 08/07/21 09:42:41 - 0:00:37 - Starting iteration 6...
INFO - 08/07/21 09:42:41 - 0:00:37 - Building the train dictionary ...
INFO - 08/07/21 09:42:42 - 0:00:38 - New train dictionary of 4026 pairs.
WARNING - 08/07/21 09:42:42 - 0:00:38 - Could not parse line 
                                         (146)
INFO - 08/07/21 09:42:42 - 0:00:38 - Found 122 pairs of words in the dictionary (106 unique). 24 other pairs contained at least one unknown word (24 in lang1, 19 in lang2)
INFO - 08/07/21 09:42:42 - 0:00:38 - 106 source words - nn - Precision at k = 1: 70.754717
INFO - 08/07/21 09:42:42 - 0:00:38 - 106 source words - nn - Precision at k = 5: 86.792453
INFO - 08/07/21 09:42:42 - 0:00:38 - 106 source words - nn - Precision at k = 10: 88.679245
WARNING - 08/07/21 09:42:42 - 0:00:38 - Could not parse line 
                                         (146)
INFO - 08/07/21 09:42:42 - 0:00:38 - Found 122 pairs of words in the dictionary (106 unique). 24 other pairs contained at least one unknown word (24 in lang1, 19 in lang2)
INFO - 08/07/21 09:42:42 - 0:00:39 - 106 source words - csls_knn_10 - Precision at k = 1: 70.754717
INFO - 08/07/21 09:42:42 - 0:00:39 - 106 source words - csls_knn_10 - Precision at k = 5: 87.735849
INFO - 08/07/21 09:42:42 - 0:00:39 - 106 source words - csls_knn_10 - Precision at k = 10: 87.735849
INFO - 08/07/21 09:42:42 - 0:00:39 - Building the train dictionary ...
INFO - 08/07/21 09:42:42 - 0:00:39 - New train dictionary of 8019 pairs.
INFO - 08/07/21 09:42:42 - 0:00:39 - Mean cosine (nn method, S2T build, 10000 max size): 0.57264
INFO - 08/07/21 09:42:44 - 0:00:41 - Building the train dictionary ...
INFO - 08/07/21 09:42:44 - 0:00:41 - New train dictionary of 6913 pairs.
INFO - 08/07/21 09:42:44 - 0:00:41 - Mean cosine (csls_knn_10 method, S2T build, 10000 max size): 0.58281
INFO - 08/07/21 09:42:44 - 0:00:41 - __log__:{"n_iter": 6, "precision_at_1-nn": 70.75471698113208, "precision_at_5-nn": 86.79245283018868, "precision_at_10-nn": 88.67924528301887, "precision_at_1-csls_knn_10": 70.75471698113208, "precision_at_5-csls_knn_10": 87.73584905660378, "precision_at_10-csls_knn_10": 87.73584905660378, "mean_cosine-nn-S2T-10000": 0.5726431608200073, "mean_cosine-csls_knn_10-S2T-10000": 0.5828053951263428}
INFO - 08/07/21 09:42:44 - 0:00:41 - End of iteration 6.
                                     
                                     
INFO - 08/07/21 09:42:44 - 0:00:41 - Starting iteration 7...
INFO - 08/07/21 09:42:44 - 0:00:41 - Building the train dictionary ...
INFO - 08/07/21 09:42:45 - 0:00:42 - New train dictionary of 4047 pairs.
WARNING - 08/07/21 09:42:45 - 0:00:42 - Could not parse line 
                                         (146)
INFO - 08/07/21 09:42:45 - 0:00:42 - Found 122 pairs of words in the dictionary (106 unique). 24 other pairs contained at least one unknown word (24 in lang1, 19 in lang2)
INFO - 08/07/21 09:42:45 - 0:00:42 - 106 source words - nn - Precision at k = 1: 70.754717
INFO - 08/07/21 09:42:45 - 0:00:42 - 106 source words - nn - Precision at k = 5: 86.792453
INFO - 08/07/21 09:42:45 - 0:00:42 - 106 source words - nn - Precision at k = 10: 89.622642
WARNING - 08/07/21 09:42:45 - 0:00:42 - Could not parse line 
                                         (146)
INFO - 08/07/21 09:42:45 - 0:00:42 - Found 122 pairs of words in the dictionary (106 unique). 24 other pairs contained at least one unknown word (24 in lang1, 19 in lang2)
INFO - 08/07/21 09:42:45 - 0:00:42 - 106 source words - csls_knn_10 - Precision at k = 1: 70.754717
INFO - 08/07/21 09:42:45 - 0:00:42 - 106 source words - csls_knn_10 - Precision at k = 5: 87.735849
INFO - 08/07/21 09:42:45 - 0:00:42 - 106 source words - csls_knn_10 - Precision at k = 10: 87.735849
INFO - 08/07/21 09:42:46 - 0:00:43 - Building the train dictionary ...
INFO - 08/07/21 09:42:46 - 0:00:43 - New train dictionary of 8028 pairs.
INFO - 08/07/21 09:42:46 - 0:00:43 - Mean cosine (nn method, S2T build, 10000 max size): 0.57250
INFO - 08/07/21 09:42:47 - 0:00:44 - Building the train dictionary ...
INFO - 08/07/21 09:42:47 - 0:00:44 - New train dictionary of 6912 pairs.
INFO - 08/07/21 09:42:47 - 0:00:44 - Mean cosine (csls_knn_10 method, S2T build, 10000 max size): 0.58310
INFO - 08/07/21 09:42:47 - 0:00:44 - __log__:{"n_iter": 7, "precision_at_1-nn": 70.75471698113208, "precision_at_5-nn": 86.79245283018868, "precision_at_10-nn": 89.62264150943396, "precision_at_1-csls_knn_10": 70.75471698113208, "precision_at_5-csls_knn_10": 87.73584905660378, "precision_at_10-csls_knn_10": 87.73584905660378, "mean_cosine-nn-S2T-10000": 0.5725017786026001, "mean_cosine-csls_knn_10-S2T-10000": 0.5831030011177063}
INFO - 08/07/21 09:42:47 - 0:00:44 - End of iteration 7.
                                     
                                     
INFO - 08/07/21 09:42:47 - 0:00:44 - Starting iteration 8...
INFO - 08/07/21 09:42:47 - 0:00:44 - Building the train dictionary ...
INFO - 08/07/21 09:42:48 - 0:00:45 - New train dictionary of 4050 pairs.
WARNING - 08/07/21 09:42:49 - 0:00:45 - Could not parse line 
                                         (146)
INFO - 08/07/21 09:42:49 - 0:00:45 - Found 122 pairs of words in the dictionary (106 unique). 24 other pairs contained at least one unknown word (24 in lang1, 19 in lang2)
INFO - 08/07/21 09:42:49 - 0:00:45 - 106 source words - nn - Precision at k = 1: 70.754717
INFO - 08/07/21 09:42:49 - 0:00:45 - 106 source words - nn - Precision at k = 5: 86.792453
INFO - 08/07/21 09:42:49 - 0:00:45 - 106 source words - nn - Precision at k = 10: 88.679245
WARNING - 08/07/21 09:42:49 - 0:00:45 - Could not parse line 
                                         (146)
INFO - 08/07/21 09:42:49 - 0:00:45 - Found 122 pairs of words in the dictionary (106 unique). 24 other pairs contained at least one unknown word (24 in lang1, 19 in lang2)
INFO - 08/07/21 09:42:49 - 0:00:46 - 106 source words - csls_knn_10 - Precision at k = 1: 70.754717
INFO - 08/07/21 09:42:49 - 0:00:46 - 106 source words - csls_knn_10 - Precision at k = 5: 87.735849
INFO - 08/07/21 09:42:49 - 0:00:46 - 106 source words - csls_knn_10 - Precision at k = 10: 87.735849
INFO - 08/07/21 09:42:49 - 0:00:46 - Building the train dictionary ...
INFO - 08/07/21 09:42:49 - 0:00:46 - New train dictionary of 8028 pairs.
INFO - 08/07/21 09:42:49 - 0:00:46 - Mean cosine (nn method, S2T build, 10000 max size): 0.57254
INFO - 08/07/21 09:42:51 - 0:00:47 - Building the train dictionary ...
INFO - 08/07/21 09:42:51 - 0:00:47 - New train dictionary of 6911 pairs.
INFO - 08/07/21 09:42:51 - 0:00:47 - Mean cosine (csls_knn_10 method, S2T build, 10000 max size): 0.58312
INFO - 08/07/21 09:42:51 - 0:00:47 - __log__:{"n_iter": 8, "precision_at_1-nn": 70.75471698113208, "precision_at_5-nn": 86.79245283018868, "precision_at_10-nn": 88.67924528301887, "precision_at_1-csls_knn_10": 70.75471698113208, "precision_at_5-csls_knn_10": 87.73584905660378, "precision_at_10-csls_knn_10": 87.73584905660378, "mean_cosine-nn-S2T-10000": 0.5725435018539429, "mean_cosine-csls_knn_10-S2T-10000": 0.5831209421157837}
INFO - 08/07/21 09:42:51 - 0:00:47 - End of iteration 8.
                                     
                                     
INFO - 08/07/21 09:42:51 - 0:00:47 - Starting iteration 9...
INFO - 08/07/21 09:42:51 - 0:00:47 - Building the train dictionary ...
INFO - 08/07/21 09:42:52 - 0:00:49 - New train dictionary of 4051 pairs.
WARNING - 08/07/21 09:42:52 - 0:00:49 - Could not parse line 
                                         (146)
INFO - 08/07/21 09:42:52 - 0:00:49 - Found 122 pairs of words in the dictionary (106 unique). 24 other pairs contained at least one unknown word (24 in lang1, 19 in lang2)
INFO - 08/07/21 09:42:52 - 0:00:49 - 106 source words - nn - Precision at k = 1: 70.754717
INFO - 08/07/21 09:42:52 - 0:00:49 - 106 source words - nn - Precision at k = 5: 86.792453
INFO - 08/07/21 09:42:52 - 0:00:49 - 106 source words - nn - Precision at k = 10: 88.679245
WARNING - 08/07/21 09:42:52 - 0:00:49 - Could not parse line 
                                         (146)
INFO - 08/07/21 09:42:52 - 0:00:49 - Found 122 pairs of words in the dictionary (106 unique). 24 other pairs contained at least one unknown word (24 in lang1, 19 in lang2)
INFO - 08/07/21 09:42:52 - 0:00:49 - 106 source words - csls_knn_10 - Precision at k = 1: 70.754717
INFO - 08/07/21 09:42:52 - 0:00:49 - 106 source words - csls_knn_10 - Precision at k = 5: 87.735849
INFO - 08/07/21 09:42:52 - 0:00:49 - 106 source words - csls_knn_10 - Precision at k = 10: 87.735849
INFO - 08/07/21 09:42:53 - 0:00:50 - Building the train dictionary ...
INFO - 08/07/21 09:42:53 - 0:00:50 - New train dictionary of 8029 pairs.
INFO - 08/07/21 09:42:53 - 0:00:50 - Mean cosine (nn method, S2T build, 10000 max size): 0.57254
INFO - 08/07/21 09:42:54 - 0:00:51 - Building the train dictionary ...
INFO - 08/07/21 09:42:54 - 0:00:51 - New train dictionary of 6910 pairs.
INFO - 08/07/21 09:42:54 - 0:00:51 - Mean cosine (csls_knn_10 method, S2T build, 10000 max size): 0.58313
INFO - 08/07/21 09:42:54 - 0:00:51 - __log__:{"n_iter": 9, "precision_at_1-nn": 70.75471698113208, "precision_at_5-nn": 86.79245283018868, "precision_at_10-nn": 88.67924528301887, "precision_at_1-csls_knn_10": 70.75471698113208, "precision_at_5-csls_knn_10": 87.73584905660378, "precision_at_10-csls_knn_10": 87.73584905660378, "mean_cosine-nn-S2T-10000": 0.5725394487380981, "mean_cosine-csls_knn_10-S2T-10000": 0.5831326842308044}
INFO - 08/07/21 09:42:54 - 0:00:51 - End of iteration 9.
                                     
                                     
INFO - 08/07/21 09:42:54 - 0:00:51 - Starting iteration 10...
INFO - 08/07/21 09:42:54 - 0:00:51 - Building the train dictionary ...
INFO - 08/07/21 09:42:55 - 0:00:52 - New train dictionary of 4050 pairs.
WARNING - 08/07/21 09:42:55 - 0:00:52 - Could not parse line 
                                         (146)
INFO - 08/07/21 09:42:55 - 0:00:52 - Found 122 pairs of words in the dictionary (106 unique). 24 other pairs contained at least one unknown word (24 in lang1, 19 in lang2)
INFO - 08/07/21 09:42:55 - 0:00:52 - 106 source words - nn - Precision at k = 1: 70.754717
INFO - 08/07/21 09:42:55 - 0:00:52 - 106 source words - nn - Precision at k = 5: 86.792453
INFO - 08/07/21 09:42:55 - 0:00:52 - 106 source words - nn - Precision at k = 10: 88.679245
WARNING - 08/07/21 09:42:55 - 0:00:52 - Could not parse line 
                                         (146)
INFO - 08/07/21 09:42:55 - 0:00:52 - Found 122 pairs of words in the dictionary (106 unique). 24 other pairs contained at least one unknown word (24 in lang1, 19 in lang2)
INFO - 08/07/21 09:42:56 - 0:00:53 - 106 source words - csls_knn_10 - Precision at k = 1: 70.754717
INFO - 08/07/21 09:42:56 - 0:00:53 - 106 source words - csls_knn_10 - Precision at k = 5: 87.735849
INFO - 08/07/21 09:42:56 - 0:00:53 - 106 source words - csls_knn_10 - Precision at k = 10: 87.735849
INFO - 08/07/21 09:42:56 - 0:00:53 - Building the train dictionary ...
INFO - 08/07/21 09:42:56 - 0:00:53 - New train dictionary of 8037 pairs.
INFO - 08/07/21 09:42:56 - 0:00:53 - Mean cosine (nn method, S2T build, 10000 max size): 0.57248
INFO - 08/07/21 09:42:57 - 0:00:54 - Building the train dictionary ...
INFO - 08/07/21 09:42:57 - 0:00:54 - New train dictionary of 6915 pairs.
INFO - 08/07/21 09:42:57 - 0:00:54 - Mean cosine (csls_knn_10 method, S2T build, 10000 max size): 0.58299
INFO - 08/07/21 09:42:57 - 0:00:54 - __log__:{"n_iter": 10, "precision_at_1-nn": 70.75471698113208, "precision_at_5-nn": 86.79245283018868, "precision_at_10-nn": 88.67924528301887, "precision_at_1-csls_knn_10": 70.75471698113208, "precision_at_5-csls_knn_10": 87.73584905660378, "precision_at_10-csls_knn_10": 87.73584905660378, "mean_cosine-nn-S2T-10000": 0.5724815130233765, "mean_cosine-csls_knn_10-S2T-10000": 0.5829896926879883}
INFO - 08/07/21 09:42:57 - 0:00:54 - End of iteration 10.
                                     
                                     
INFO - 08/07/21 09:42:57 - 0:00:54 - Starting iteration 11...
INFO - 08/07/21 09:42:57 - 0:00:54 - Building the train dictionary ...
INFO - 08/07/21 09:42:59 - 0:00:55 - New train dictionary of 4051 pairs.
WARNING - 08/07/21 09:42:59 - 0:00:55 - Could not parse line 
                                         (146)
INFO - 08/07/21 09:42:59 - 0:00:55 - Found 122 pairs of words in the dictionary (106 unique). 24 other pairs contained at least one unknown word (24 in lang1, 19 in lang2)
INFO - 08/07/21 09:42:59 - 0:00:55 - 106 source words - nn - Precision at k = 1: 70.754717
INFO - 08/07/21 09:42:59 - 0:00:55 - 106 source words - nn - Precision at k = 5: 86.792453
INFO - 08/07/21 09:42:59 - 0:00:55 - 106 source words - nn - Precision at k = 10: 88.679245
WARNING - 08/07/21 09:42:59 - 0:00:55 - Could not parse line 
                                         (146)
INFO - 08/07/21 09:42:59 - 0:00:55 - Found 122 pairs of words in the dictionary (106 unique). 24 other pairs contained at least one unknown word (24 in lang1, 19 in lang2)
INFO - 08/07/21 09:42:59 - 0:00:56 - 106 source words - csls_knn_10 - Precision at k = 1: 70.754717
INFO - 08/07/21 09:42:59 - 0:00:56 - 106 source words - csls_knn_10 - Precision at k = 5: 87.735849
INFO - 08/07/21 09:42:59 - 0:00:56 - 106 source words - csls_knn_10 - Precision at k = 10: 87.735849
INFO - 08/07/21 09:43:00 - 0:00:56 - Building the train dictionary ...
INFO - 08/07/21 09:43:00 - 0:00:56 - New train dictionary of 8027 pairs.
INFO - 08/07/21 09:43:00 - 0:00:56 - Mean cosine (nn method, S2T build, 10000 max size): 0.57255
INFO - 08/07/21 09:43:01 - 0:00:58 - Building the train dictionary ...
INFO - 08/07/21 09:43:01 - 0:00:58 - New train dictionary of 6916 pairs.
INFO - 08/07/21 09:43:01 - 0:00:58 - Mean cosine (csls_knn_10 method, S2T build, 10000 max size): 0.58290
INFO - 08/07/21 09:43:01 - 0:00:58 - __log__:{"n_iter": 11, "precision_at_1-nn": 70.75471698113208, "precision_at_5-nn": 86.79245283018868, "precision_at_10-nn": 88.67924528301887, "precision_at_1-csls_knn_10": 70.75471698113208, "precision_at_5-csls_knn_10": 87.73584905660378, "precision_at_10-csls_knn_10": 87.73584905660378, "mean_cosine-nn-S2T-10000": 0.5725530982017517, "mean_cosine-csls_knn_10-S2T-10000": 0.5829030275344849}
INFO - 08/07/21 09:43:01 - 0:00:58 - End of iteration 11.
                                     
                                     
INFO - 08/07/21 09:43:01 - 0:00:58 - Starting iteration 12...
INFO - 08/07/21 09:43:01 - 0:00:58 - Building the train dictionary ...
INFO - 08/07/21 09:43:02 - 0:00:59 - New train dictionary of 4051 pairs.
WARNING - 08/07/21 09:43:02 - 0:00:59 - Could not parse line 
                                         (146)
INFO - 08/07/21 09:43:02 - 0:00:59 - Found 122 pairs of words in the dictionary (106 unique). 24 other pairs contained at least one unknown word (24 in lang1, 19 in lang2)
INFO - 08/07/21 09:43:02 - 0:00:59 - 106 source words - nn - Precision at k = 1: 70.754717
INFO - 08/07/21 09:43:02 - 0:00:59 - 106 source words - nn - Precision at k = 5: 86.792453
INFO - 08/07/21 09:43:02 - 0:00:59 - 106 source words - nn - Precision at k = 10: 88.679245
WARNING - 08/07/21 09:43:02 - 0:00:59 - Could not parse line 
                                         (146)
INFO - 08/07/21 09:43:02 - 0:00:59 - Found 122 pairs of words in the dictionary (106 unique). 24 other pairs contained at least one unknown word (24 in lang1, 19 in lang2)
INFO - 08/07/21 09:43:03 - 0:00:59 - 106 source words - csls_knn_10 - Precision at k = 1: 70.754717
INFO - 08/07/21 09:43:03 - 0:00:59 - 106 source words - csls_knn_10 - Precision at k = 5: 87.735849
INFO - 08/07/21 09:43:03 - 0:00:59 - 106 source words - csls_knn_10 - Precision at k = 10: 87.735849
INFO - 08/07/21 09:43:03 - 0:01:00 - Building the train dictionary ...
INFO - 08/07/21 09:43:03 - 0:01:00 - New train dictionary of 8027 pairs.
INFO - 08/07/21 09:43:03 - 0:01:00 - Mean cosine (nn method, S2T build, 10000 max size): 0.57255
INFO - 08/07/21 09:43:04 - 0:01:01 - Building the train dictionary ...
INFO - 08/07/21 09:43:04 - 0:01:01 - New train dictionary of 6916 pairs.
INFO - 08/07/21 09:43:04 - 0:01:01 - Mean cosine (csls_knn_10 method, S2T build, 10000 max size): 0.58290
INFO - 08/07/21 09:43:04 - 0:01:01 - __log__:{"n_iter": 12, "precision_at_1-nn": 70.75471698113208, "precision_at_5-nn": 86.79245283018868, "precision_at_10-nn": 88.67924528301887, "precision_at_1-csls_knn_10": 70.75471698113208, "precision_at_5-csls_knn_10": 87.73584905660378, "precision_at_10-csls_knn_10": 87.73584905660378, "mean_cosine-nn-S2T-10000": 0.5725530982017517, "mean_cosine-csls_knn_10-S2T-10000": 0.5829030275344849}
INFO - 08/07/21 09:43:04 - 0:01:01 - End of iteration 12.
                                     
                                     
INFO - 08/07/21 09:43:04 - 0:01:01 - Starting iteration 13...
INFO - 08/07/21 09:43:04 - 0:01:01 - Building the train dictionary ...
INFO - 08/07/21 09:43:05 - 0:01:02 - New train dictionary of 4051 pairs.
WARNING - 08/07/21 09:43:06 - 0:01:02 - Could not parse line 
                                         (146)
INFO - 08/07/21 09:43:06 - 0:01:02 - Found 122 pairs of words in the dictionary (106 unique). 24 other pairs contained at least one unknown word (24 in lang1, 19 in lang2)
INFO - 08/07/21 09:43:06 - 0:01:02 - 106 source words - nn - Precision at k = 1: 70.754717
INFO - 08/07/21 09:43:06 - 0:01:02 - 106 source words - nn - Precision at k = 5: 86.792453
INFO - 08/07/21 09:43:06 - 0:01:02 - 106 source words - nn - Precision at k = 10: 88.679245
WARNING - 08/07/21 09:43:06 - 0:01:02 - Could not parse line 
                                         (146)
INFO - 08/07/21 09:43:06 - 0:01:02 - Found 122 pairs of words in the dictionary (106 unique). 24 other pairs contained at least one unknown word (24 in lang1, 19 in lang2)
INFO - 08/07/21 09:43:06 - 0:01:03 - 106 source words - csls_knn_10 - Precision at k = 1: 70.754717
INFO - 08/07/21 09:43:06 - 0:01:03 - 106 source words - csls_knn_10 - Precision at k = 5: 87.735849
INFO - 08/07/21 09:43:06 - 0:01:03 - 106 source words - csls_knn_10 - Precision at k = 10: 87.735849
INFO - 08/07/21 09:43:07 - 0:01:03 - Building the train dictionary ...
INFO - 08/07/21 09:43:07 - 0:01:03 - New train dictionary of 8027 pairs.
INFO - 08/07/21 09:43:07 - 0:01:03 - Mean cosine (nn method, S2T build, 10000 max size): 0.57255
INFO - 08/07/21 09:43:08 - 0:01:05 - Building the train dictionary ...
INFO - 08/07/21 09:43:08 - 0:01:05 - New train dictionary of 6916 pairs.
INFO - 08/07/21 09:43:08 - 0:01:05 - Mean cosine (csls_knn_10 method, S2T build, 10000 max size): 0.58290
INFO - 08/07/21 09:43:08 - 0:01:05 - __log__:{"n_iter": 13, "precision_at_1-nn": 70.75471698113208, "precision_at_5-nn": 86.79245283018868, "precision_at_10-nn": 88.67924528301887, "precision_at_1-csls_knn_10": 70.75471698113208, "precision_at_5-csls_knn_10": 87.73584905660378, "precision_at_10-csls_knn_10": 87.73584905660378, "mean_cosine-nn-S2T-10000": 0.5725530982017517, "mean_cosine-csls_knn_10-S2T-10000": 0.5829030275344849}
INFO - 08/07/21 09:43:08 - 0:01:05 - End of iteration 13.
                                     
                                     
INFO - 08/07/21 09:43:08 - 0:01:05 - Starting iteration 14...
INFO - 08/07/21 09:43:08 - 0:01:05 - Building the train dictionary ...
INFO - 08/07/21 09:43:09 - 0:01:06 - New train dictionary of 4051 pairs.
WARNING - 08/07/21 09:43:09 - 0:01:06 - Could not parse line 
                                         (146)
INFO - 08/07/21 09:43:09 - 0:01:06 - Found 122 pairs of words in the dictionary (106 unique). 24 other pairs contained at least one unknown word (24 in lang1, 19 in lang2)
INFO - 08/07/21 09:43:09 - 0:01:06 - 106 source words - nn - Precision at k = 1: 70.754717
INFO - 08/07/21 09:43:09 - 0:01:06 - 106 source words - nn - Precision at k = 5: 86.792453
INFO - 08/07/21 09:43:09 - 0:01:06 - 106 source words - nn - Precision at k = 10: 88.679245
WARNING - 08/07/21 09:43:09 - 0:01:06 - Could not parse line 
                                         (146)
INFO - 08/07/21 09:43:09 - 0:01:06 - Found 122 pairs of words in the dictionary (106 unique). 24 other pairs contained at least one unknown word (24 in lang1, 19 in lang2)
INFO - 08/07/21 09:43:10 - 0:01:06 - 106 source words - csls_knn_10 - Precision at k = 1: 70.754717
INFO - 08/07/21 09:43:10 - 0:01:06 - 106 source words - csls_knn_10 - Precision at k = 5: 87.735849
INFO - 08/07/21 09:43:10 - 0:01:06 - 106 source words - csls_knn_10 - Precision at k = 10: 87.735849
INFO - 08/07/21 09:43:10 - 0:01:07 - Building the train dictionary ...
INFO - 08/07/21 09:43:10 - 0:01:07 - New train dictionary of 8027 pairs.
INFO - 08/07/21 09:43:10 - 0:01:07 - Mean cosine (nn method, S2T build, 10000 max size): 0.57255
INFO - 08/07/21 09:43:11 - 0:01:08 - Building the train dictionary ...
INFO - 08/07/21 09:43:11 - 0:01:08 - New train dictionary of 6916 pairs.
INFO - 08/07/21 09:43:11 - 0:01:08 - Mean cosine (csls_knn_10 method, S2T build, 10000 max size): 0.58290
INFO - 08/07/21 09:43:11 - 0:01:08 - __log__:{"n_iter": 14, "precision_at_1-nn": 70.75471698113208, "precision_at_5-nn": 86.79245283018868, "precision_at_10-nn": 88.67924528301887, "precision_at_1-csls_knn_10": 70.75471698113208, "precision_at_5-csls_knn_10": 87.73584905660378, "precision_at_10-csls_knn_10": 87.73584905660378, "mean_cosine-nn-S2T-10000": 0.5725530982017517, "mean_cosine-csls_knn_10-S2T-10000": 0.5829030275344849}
INFO - 08/07/21 09:43:11 - 0:01:08 - End of iteration 14.
                                     
                                     
INFO - 08/07/21 09:43:11 - 0:01:08 - Starting iteration 15...
INFO - 08/07/21 09:43:11 - 0:01:08 - Building the train dictionary ...
INFO - 08/07/21 09:43:12 - 0:01:09 - New train dictionary of 4051 pairs.
WARNING - 08/07/21 09:43:13 - 0:01:09 - Could not parse line 
                                         (146)
INFO - 08/07/21 09:43:13 - 0:01:09 - Found 122 pairs of words in the dictionary (106 unique). 24 other pairs contained at least one unknown word (24 in lang1, 19 in lang2)
INFO - 08/07/21 09:43:13 - 0:01:09 - 106 source words - nn - Precision at k = 1: 70.754717
INFO - 08/07/21 09:43:13 - 0:01:09 - 106 source words - nn - Precision at k = 5: 86.792453
INFO - 08/07/21 09:43:13 - 0:01:09 - 106 source words - nn - Precision at k = 10: 88.679245
WARNING - 08/07/21 09:43:13 - 0:01:09 - Could not parse line 
                                         (146)
INFO - 08/07/21 09:43:13 - 0:01:09 - Found 122 pairs of words in the dictionary (106 unique). 24 other pairs contained at least one unknown word (24 in lang1, 19 in lang2)
INFO - 08/07/21 09:43:13 - 0:01:10 - 106 source words - csls_knn_10 - Precision at k = 1: 70.754717
INFO - 08/07/21 09:43:13 - 0:01:10 - 106 source words - csls_knn_10 - Precision at k = 5: 87.735849
INFO - 08/07/21 09:43:13 - 0:01:10 - 106 source words - csls_knn_10 - Precision at k = 10: 87.735849
INFO - 08/07/21 09:43:13 - 0:01:10 - Building the train dictionary ...
INFO - 08/07/21 09:43:13 - 0:01:10 - New train dictionary of 8027 pairs.
INFO - 08/07/21 09:43:13 - 0:01:10 - Mean cosine (nn method, S2T build, 10000 max size): 0.57255
INFO - 08/07/21 09:43:15 - 0:01:12 - Building the train dictionary ...
INFO - 08/07/21 09:43:15 - 0:01:12 - New train dictionary of 6916 pairs.
INFO - 08/07/21 09:43:15 - 0:01:12 - Mean cosine (csls_knn_10 method, S2T build, 10000 max size): 0.58290
INFO - 08/07/21 09:43:15 - 0:01:12 - __log__:{"n_iter": 15, "precision_at_1-nn": 70.75471698113208, "precision_at_5-nn": 86.79245283018868, "precision_at_10-nn": 88.67924528301887, "precision_at_1-csls_knn_10": 70.75471698113208, "precision_at_5-csls_knn_10": 87.73584905660378, "precision_at_10-csls_knn_10": 87.73584905660378, "mean_cosine-nn-S2T-10000": 0.5725530982017517, "mean_cosine-csls_knn_10-S2T-10000": 0.5829030275344849}
INFO - 08/07/21 09:43:15 - 0:01:12 - End of iteration 15.
                                     
                                     
INFO - 08/07/21 09:43:15 - 0:01:12 - Starting iteration 16...
INFO - 08/07/21 09:43:15 - 0:01:12 - Building the train dictionary ...
INFO - 08/07/21 09:43:16 - 0:01:13 - New train dictionary of 4051 pairs.
WARNING - 08/07/21 09:43:16 - 0:01:13 - Could not parse line 
                                         (146)
INFO - 08/07/21 09:43:16 - 0:01:13 - Found 122 pairs of words in the dictionary (106 unique). 24 other pairs contained at least one unknown word (24 in lang1, 19 in lang2)
INFO - 08/07/21 09:43:16 - 0:01:13 - 106 source words - nn - Precision at k = 1: 70.754717
INFO - 08/07/21 09:43:16 - 0:01:13 - 106 source words - nn - Precision at k = 5: 86.792453
INFO - 08/07/21 09:43:16 - 0:01:13 - 106 source words - nn - Precision at k = 10: 88.679245
WARNING - 08/07/21 09:43:16 - 0:01:13 - Could not parse line 
                                         (146)
INFO - 08/07/21 09:43:16 - 0:01:13 - Found 122 pairs of words in the dictionary (106 unique). 24 other pairs contained at least one unknown word (24 in lang1, 19 in lang2)
INFO - 08/07/21 09:43:16 - 0:01:13 - 106 source words - csls_knn_10 - Precision at k = 1: 70.754717
INFO - 08/07/21 09:43:16 - 0:01:13 - 106 source words - csls_knn_10 - Precision at k = 5: 87.735849
INFO - 08/07/21 09:43:16 - 0:01:13 - 106 source words - csls_knn_10 - Precision at k = 10: 87.735849
INFO - 08/07/21 09:43:17 - 0:01:14 - Building the train dictionary ...
INFO - 08/07/21 09:43:17 - 0:01:14 - New train dictionary of 8027 pairs.
INFO - 08/07/21 09:43:17 - 0:01:14 - Mean cosine (nn method, S2T build, 10000 max size): 0.57255
INFO - 08/07/21 09:43:18 - 0:01:15 - Building the train dictionary ...
INFO - 08/07/21 09:43:18 - 0:01:15 - New train dictionary of 6916 pairs.
INFO - 08/07/21 09:43:18 - 0:01:15 - Mean cosine (csls_knn_10 method, S2T build, 10000 max size): 0.58290
INFO - 08/07/21 09:43:18 - 0:01:15 - __log__:{"n_iter": 16, "precision_at_1-nn": 70.75471698113208, "precision_at_5-nn": 86.79245283018868, "precision_at_10-nn": 88.67924528301887, "precision_at_1-csls_knn_10": 70.75471698113208, "precision_at_5-csls_knn_10": 87.73584905660378, "precision_at_10-csls_knn_10": 87.73584905660378, "mean_cosine-nn-S2T-10000": 0.5725530982017517, "mean_cosine-csls_knn_10-S2T-10000": 0.5829030275344849}
INFO - 08/07/21 09:43:18 - 0:01:15 - End of iteration 16.
                                     
                                     
INFO - 08/07/21 09:43:18 - 0:01:15 - Starting iteration 17...
INFO - 08/07/21 09:43:18 - 0:01:15 - Building the train dictionary ...
INFO - 08/07/21 09:43:19 - 0:01:16 - New train dictionary of 4051 pairs.
WARNING - 08/07/21 09:43:19 - 0:01:16 - Could not parse line 
                                         (146)
INFO - 08/07/21 09:43:19 - 0:01:16 - Found 122 pairs of words in the dictionary (106 unique). 24 other pairs contained at least one unknown word (24 in lang1, 19 in lang2)
INFO - 08/07/21 09:43:19 - 0:01:16 - 106 source words - nn - Precision at k = 1: 70.754717
INFO - 08/07/21 09:43:19 - 0:01:16 - 106 source words - nn - Precision at k = 5: 86.792453
INFO - 08/07/21 09:43:19 - 0:01:16 - 106 source words - nn - Precision at k = 10: 88.679245
WARNING - 08/07/21 09:43:19 - 0:01:16 - Could not parse line 
                                         (146)
INFO - 08/07/21 09:43:19 - 0:01:16 - Found 122 pairs of words in the dictionary (106 unique). 24 other pairs contained at least one unknown word (24 in lang1, 19 in lang2)
INFO - 08/07/21 09:43:20 - 0:01:17 - 106 source words - csls_knn_10 - Precision at k = 1: 70.754717
INFO - 08/07/21 09:43:20 - 0:01:17 - 106 source words - csls_knn_10 - Precision at k = 5: 87.735849
INFO - 08/07/21 09:43:20 - 0:01:17 - 106 source words - csls_knn_10 - Precision at k = 10: 87.735849
INFO - 08/07/21 09:43:20 - 0:01:17 - Building the train dictionary ...
INFO - 08/07/21 09:43:20 - 0:01:17 - New train dictionary of 8027 pairs.
INFO - 08/07/21 09:43:20 - 0:01:17 - Mean cosine (nn method, S2T build, 10000 max size): 0.57255
INFO - 08/07/21 09:43:22 - 0:01:18 - Building the train dictionary ...
INFO - 08/07/21 09:43:22 - 0:01:18 - New train dictionary of 6916 pairs.
INFO - 08/07/21 09:43:22 - 0:01:18 - Mean cosine (csls_knn_10 method, S2T build, 10000 max size): 0.58290
INFO - 08/07/21 09:43:22 - 0:01:18 - __log__:{"n_iter": 17, "precision_at_1-nn": 70.75471698113208, "precision_at_5-nn": 86.79245283018868, "precision_at_10-nn": 88.67924528301887, "precision_at_1-csls_knn_10": 70.75471698113208, "precision_at_5-csls_knn_10": 87.73584905660378, "precision_at_10-csls_knn_10": 87.73584905660378, "mean_cosine-nn-S2T-10000": 0.5725530982017517, "mean_cosine-csls_knn_10-S2T-10000": 0.5829030275344849}
INFO - 08/07/21 09:43:22 - 0:01:18 - End of iteration 17.
                                     
                                     
INFO - 08/07/21 09:43:22 - 0:01:18 - Starting iteration 18...
INFO - 08/07/21 09:43:22 - 0:01:18 - Building the train dictionary ...
INFO - 08/07/21 09:43:23 - 0:01:19 - New train dictionary of 4051 pairs.
WARNING - 08/07/21 09:43:23 - 0:01:20 - Could not parse line 
                                         (146)
INFO - 08/07/21 09:43:23 - 0:01:20 - Found 122 pairs of words in the dictionary (106 unique). 24 other pairs contained at least one unknown word (24 in lang1, 19 in lang2)
INFO - 08/07/21 09:43:23 - 0:01:20 - 106 source words - nn - Precision at k = 1: 70.754717
INFO - 08/07/21 09:43:23 - 0:01:20 - 106 source words - nn - Precision at k = 5: 86.792453
INFO - 08/07/21 09:43:23 - 0:01:20 - 106 source words - nn - Precision at k = 10: 88.679245
WARNING - 08/07/21 09:43:23 - 0:01:20 - Could not parse line 
                                         (146)
INFO - 08/07/21 09:43:23 - 0:01:20 - Found 122 pairs of words in the dictionary (106 unique). 24 other pairs contained at least one unknown word (24 in lang1, 19 in lang2)
INFO - 08/07/21 09:43:23 - 0:01:20 - 106 source words - csls_knn_10 - Precision at k = 1: 70.754717
INFO - 08/07/21 09:43:23 - 0:01:20 - 106 source words - csls_knn_10 - Precision at k = 5: 87.735849
INFO - 08/07/21 09:43:23 - 0:01:20 - 106 source words - csls_knn_10 - Precision at k = 10: 87.735849
INFO - 08/07/21 09:43:24 - 0:01:20 - Building the train dictionary ...
INFO - 08/07/21 09:43:24 - 0:01:20 - New train dictionary of 8027 pairs.
INFO - 08/07/21 09:43:24 - 0:01:20 - Mean cosine (nn method, S2T build, 10000 max size): 0.57255
INFO - 08/07/21 09:43:25 - 0:01:22 - Building the train dictionary ...
INFO - 08/07/21 09:43:25 - 0:01:22 - New train dictionary of 6916 pairs.
INFO - 08/07/21 09:43:25 - 0:01:22 - Mean cosine (csls_knn_10 method, S2T build, 10000 max size): 0.58290
INFO - 08/07/21 09:43:25 - 0:01:22 - __log__:{"n_iter": 18, "precision_at_1-nn": 70.75471698113208, "precision_at_5-nn": 86.79245283018868, "precision_at_10-nn": 88.67924528301887, "precision_at_1-csls_knn_10": 70.75471698113208, "precision_at_5-csls_knn_10": 87.73584905660378, "precision_at_10-csls_knn_10": 87.73584905660378, "mean_cosine-nn-S2T-10000": 0.5725530982017517, "mean_cosine-csls_knn_10-S2T-10000": 0.5829030275344849}
INFO - 08/07/21 09:43:25 - 0:01:22 - End of iteration 18.
                                     
                                     
INFO - 08/07/21 09:43:25 - 0:01:22 - Starting iteration 19...
INFO - 08/07/21 09:43:25 - 0:01:22 - Building the train dictionary ...
INFO - 08/07/21 09:43:26 - 0:01:23 - New train dictionary of 4051 pairs.
WARNING - 08/07/21 09:43:26 - 0:01:23 - Could not parse line 
                                         (146)
INFO - 08/07/21 09:43:26 - 0:01:23 - Found 122 pairs of words in the dictionary (106 unique). 24 other pairs contained at least one unknown word (24 in lang1, 19 in lang2)
INFO - 08/07/21 09:43:26 - 0:01:23 - 106 source words - nn - Precision at k = 1: 70.754717
INFO - 08/07/21 09:43:26 - 0:01:23 - 106 source words - nn - Precision at k = 5: 86.792453
INFO - 08/07/21 09:43:26 - 0:01:23 - 106 source words - nn - Precision at k = 10: 88.679245
WARNING - 08/07/21 09:43:26 - 0:01:23 - Could not parse line 
                                         (146)
INFO - 08/07/21 09:43:26 - 0:01:23 - Found 122 pairs of words in the dictionary (106 unique). 24 other pairs contained at least one unknown word (24 in lang1, 19 in lang2)
INFO - 08/07/21 09:43:27 - 0:01:23 - 106 source words - csls_knn_10 - Precision at k = 1: 70.754717
INFO - 08/07/21 09:43:27 - 0:01:23 - 106 source words - csls_knn_10 - Precision at k = 5: 87.735849
INFO - 08/07/21 09:43:27 - 0:01:23 - 106 source words - csls_knn_10 - Precision at k = 10: 87.735849
INFO - 08/07/21 09:43:27 - 0:01:24 - Building the train dictionary ...
INFO - 08/07/21 09:43:27 - 0:01:24 - New train dictionary of 8027 pairs.
INFO - 08/07/21 09:43:27 - 0:01:24 - Mean cosine (nn method, S2T build, 10000 max size): 0.57255
INFO - 08/07/21 09:43:28 - 0:01:25 - Building the train dictionary ...
INFO - 08/07/21 09:43:28 - 0:01:25 - New train dictionary of 6916 pairs.
INFO - 08/07/21 09:43:28 - 0:01:25 - Mean cosine (csls_knn_10 method, S2T build, 10000 max size): 0.58290
INFO - 08/07/21 09:43:28 - 0:01:25 - __log__:{"n_iter": 19, "precision_at_1-nn": 70.75471698113208, "precision_at_5-nn": 86.79245283018868, "precision_at_10-nn": 88.67924528301887, "precision_at_1-csls_knn_10": 70.75471698113208, "precision_at_5-csls_knn_10": 87.73584905660378, "precision_at_10-csls_knn_10": 87.73584905660378, "mean_cosine-nn-S2T-10000": 0.5725530982017517, "mean_cosine-csls_knn_10-S2T-10000": 0.5829030275344849}
INFO - 08/07/21 09:43:28 - 0:01:25 - End of iteration 19.
                                     
                                     
INFO - 08/07/21 09:43:28 - 0:01:25 - Starting iteration 20...
INFO - 08/07/21 09:43:28 - 0:01:25 - Building the train dictionary ...
INFO - 08/07/21 09:43:29 - 0:01:26 - New train dictionary of 4051 pairs.
WARNING - 08/07/21 09:43:30 - 0:01:26 - Could not parse line 
                                         (146)
INFO - 08/07/21 09:43:30 - 0:01:26 - Found 122 pairs of words in the dictionary (106 unique). 24 other pairs contained at least one unknown word (24 in lang1, 19 in lang2)
INFO - 08/07/21 09:43:30 - 0:01:26 - 106 source words - nn - Precision at k = 1: 70.754717
INFO - 08/07/21 09:43:30 - 0:01:26 - 106 source words - nn - Precision at k = 5: 86.792453
INFO - 08/07/21 09:43:30 - 0:01:26 - 106 source words - nn - Precision at k = 10: 88.679245
WARNING - 08/07/21 09:43:30 - 0:01:26 - Could not parse line 
                                         (146)
INFO - 08/07/21 09:43:30 - 0:01:26 - Found 122 pairs of words in the dictionary (106 unique). 24 other pairs contained at least one unknown word (24 in lang1, 19 in lang2)
INFO - 08/07/21 09:43:30 - 0:01:27 - 106 source words - csls_knn_10 - Precision at k = 1: 70.754717
INFO - 08/07/21 09:43:30 - 0:01:27 - 106 source words - csls_knn_10 - Precision at k = 5: 87.735849
INFO - 08/07/21 09:43:30 - 0:01:27 - 106 source words - csls_knn_10 - Precision at k = 10: 87.735849
INFO - 08/07/21 09:43:31 - 0:01:27 - Building the train dictionary ...
INFO - 08/07/21 09:43:31 - 0:01:27 - New train dictionary of 8027 pairs.
INFO - 08/07/21 09:43:31 - 0:01:27 - Mean cosine (nn method, S2T build, 10000 max size): 0.57255
INFO - 08/07/21 09:43:32 - 0:01:29 - Building the train dictionary ...
INFO - 08/07/21 09:43:32 - 0:01:29 - New train dictionary of 6916 pairs.
INFO - 08/07/21 09:43:32 - 0:01:29 - Mean cosine (csls_knn_10 method, S2T build, 10000 max size): 0.58290
INFO - 08/07/21 09:43:32 - 0:01:29 - __log__:{"n_iter": 20, "precision_at_1-nn": 70.75471698113208, "precision_at_5-nn": 86.79245283018868, "precision_at_10-nn": 88.67924528301887, "precision_at_1-csls_knn_10": 70.75471698113208, "precision_at_5-csls_knn_10": 87.73584905660378, "precision_at_10-csls_knn_10": 87.73584905660378, "mean_cosine-nn-S2T-10000": 0.5725530982017517, "mean_cosine-csls_knn_10-S2T-10000": 0.5829030275344849}
INFO - 08/07/21 09:43:32 - 0:01:29 - End of iteration 20.
                                     
                                     
INFO - 08/07/21 09:43:32 - 0:01:29 - * Reloading the best model from /home/m13517114/sekar/MUSE/dumped/debug/37xh8fiu1a/best_mapping.pth ...
INFO - 08/07/21 09:43:32 - 0:01:29 - Reloading all embeddings for mapping ...
INFO - 08/07/21 09:43:38 - 0:01:35 - Loaded 44189 pre-trained word embeddings.
WARNING - 08/07/21 09:44:27 - 0:02:23 - Invalid dimension (11) for target word 'ared' in line 352455.
INFO - 08/07/21 09:44:27 - 0:02:23 - Loaded 352454 pre-trained word embeddings.
INFO - 08/07/21 09:44:28 - 0:02:24 - Map source embeddings to the target space ...
INFO - 08/07/21 09:44:28 - 0:02:24 - Writing source embeddings to /home/m13517114/sekar/MUSE/dumped/debug/37xh8fiu1a/vectors-su.txt ...
INFO - 08/07/21 09:45:05 - 0:03:02 - Writing target embeddings to /home/m13517114/sekar/MUSE/dumped/debug/37xh8fiu1a/vectors-id.txt ...
INFO - 08/07/21 09:50:09 - 0:08:05 - Writing pair translation to /home/m13517114/sekar/MUSE/dumped/debug/37xh8fiu1a/nn-translation-su_id.txt ...
INFO - 08/07/21 09:50:09 - 0:08:05 - Writing pair translation to /home/m13517114/sekar/MUSE/dumped/debug/37xh8fiu1a/csls_knn_10-translation-su_id.txt ...
INFO - 08/07/21 09:50:09 - 0:08:05 - Writing pair translation to /home/m13517114/sekar/MUSE/dumped/debug/37xh8fiu1a/nn-translation-su_id.txt ...
INFO - 08/07/21 09:50:09 - 0:08:05 - Writing pair translation to /home/m13517114/sekar/MUSE/dumped/debug/37xh8fiu1a/csls_knn_10-translation-su_id.txt ...
INFO - 08/07/21 09:50:09 - 0:08:05 - Writing pair translation to /home/m13517114/sekar/MUSE/dumped/debug/37xh8fiu1a/nn-translation-su_id.txt ...
INFO - 08/07/21 09:50:09 - 0:08:06 - Writing pair translation to /home/m13517114/sekar/MUSE/dumped/debug/37xh8fiu1a/csls_knn_10-translation-su_id.txt ...
INFO - 08/07/21 09:50:09 - 0:08:06 - Writing pair translation to /home/m13517114/sekar/MUSE/dumped/debug/37xh8fiu1a/nn-translation-su_id.txt ...
INFO - 08/07/21 09:50:09 - 0:08:06 - Writing pair translation to /home/m13517114/sekar/MUSE/dumped/debug/37xh8fiu1a/csls_knn_10-translation-su_id.txt ...
INFO - 08/07/21 09:50:09 - 0:08:06 - Writing pair translation to /home/m13517114/sekar/MUSE/dumped/debug/37xh8fiu1a/nn-translation-su_id.txt ...
INFO - 08/07/21 09:50:09 - 0:08:06 - Writing pair translation to /home/m13517114/sekar/MUSE/dumped/debug/37xh8fiu1a/csls_knn_10-translation-su_id.txt ...
INFO - 08/07/21 09:50:09 - 0:08:06 - Writing pair translation to /home/m13517114/sekar/MUSE/dumped/debug/37xh8fiu1a/nn-translation-su_id.txt ...
INFO - 08/07/21 09:50:09 - 0:08:06 - Writing pair translation to /home/m13517114/sekar/MUSE/dumped/debug/37xh8fiu1a/csls_knn_10-translation-su_id.txt ...
INFO - 08/07/21 09:50:09 - 0:08:06 - Writing pair translation to /home/m13517114/sekar/MUSE/dumped/debug/37xh8fiu1a/nn-translation-su_id.txt ...
INFO - 08/07/21 09:50:09 - 0:08:06 - Writing pair translation to /home/m13517114/sekar/MUSE/dumped/debug/37xh8fiu1a/csls_knn_10-translation-su_id.txt ...
INFO - 08/07/21 09:50:09 - 0:08:06 - Writing pair translation to /home/m13517114/sekar/MUSE/dumped/debug/37xh8fiu1a/nn-translation-su_id.txt ...
INFO - 08/07/21 09:50:09 - 0:08:06 - Writing pair translation to /home/m13517114/sekar/MUSE/dumped/debug/37xh8fiu1a/csls_knn_10-translation-su_id.txt ...
INFO - 08/07/21 09:50:09 - 0:08:06 - Writing pair translation to /home/m13517114/sekar/MUSE/dumped/debug/37xh8fiu1a/nn-translation-su_id.txt ...
INFO - 08/07/21 09:50:09 - 0:08:06 - Writing pair translation to /home/m13517114/sekar/MUSE/dumped/debug/37xh8fiu1a/csls_knn_10-translation-su_id.txt ...
INFO - 08/07/21 09:50:09 - 0:08:06 - Writing pair translation to /home/m13517114/sekar/MUSE/dumped/debug/37xh8fiu1a/nn-translation-su_id.txt ...
INFO - 08/07/21 09:50:09 - 0:08:06 - Writing pair translation to /home/m13517114/sekar/MUSE/dumped/debug/37xh8fiu1a/csls_knn_10-translation-su_id.txt ...
INFO - 08/07/21 09:50:09 - 0:08:06 - Writing pair translation to /home/m13517114/sekar/MUSE/dumped/debug/37xh8fiu1a/nn-translation-su_id.txt ...
INFO - 08/07/21 09:50:09 - 0:08:06 - Writing pair translation to /home/m13517114/sekar/MUSE/dumped/debug/37xh8fiu1a/csls_knn_10-translation-su_id.txt ...
INFO - 08/07/21 09:50:09 - 0:08:06 - Writing pair translation to /home/m13517114/sekar/MUSE/dumped/debug/37xh8fiu1a/nn-translation-su_id.txt ...
INFO - 08/07/21 09:50:09 - 0:08:06 - Writing pair translation to /home/m13517114/sekar/MUSE/dumped/debug/37xh8fiu1a/csls_knn_10-translation-su_id.txt ...
INFO - 08/07/21 09:50:09 - 0:08:06 - Writing pair translation to /home/m13517114/sekar/MUSE/dumped/debug/37xh8fiu1a/nn-translation-su_id.txt ...
INFO - 08/07/21 09:50:09 - 0:08:06 - Writing pair translation to /home/m13517114/sekar/MUSE/dumped/debug/37xh8fiu1a/csls_knn_10-translation-su_id.txt ...
INFO - 08/07/21 09:50:09 - 0:08:06 - Writing pair translation to /home/m13517114/sekar/MUSE/dumped/debug/37xh8fiu1a/nn-translation-su_id.txt ...
INFO - 08/07/21 09:50:09 - 0:08:06 - Writing pair translation to /home/m13517114/sekar/MUSE/dumped/debug/37xh8fiu1a/csls_knn_10-translation-su_id.txt ...
INFO - 08/07/21 09:50:09 - 0:08:06 - Writing pair translation to /home/m13517114/sekar/MUSE/dumped/debug/37xh8fiu1a/nn-translation-su_id.txt ...
INFO - 08/07/21 09:50:10 - 0:08:06 - Writing pair translation to /home/m13517114/sekar/MUSE/dumped/debug/37xh8fiu1a/csls_knn_10-translation-su_id.txt ...
INFO - 08/07/21 09:50:10 - 0:08:06 - Writing pair translation to /home/m13517114/sekar/MUSE/dumped/debug/37xh8fiu1a/nn-translation-su_id.txt ...
INFO - 08/07/21 09:50:10 - 0:08:06 - Writing pair translation to /home/m13517114/sekar/MUSE/dumped/debug/37xh8fiu1a/csls_knn_10-translation-su_id.txt ...
INFO - 08/07/21 09:50:10 - 0:08:06 - Writing pair translation to /home/m13517114/sekar/MUSE/dumped/debug/37xh8fiu1a/nn-translation-su_id.txt ...
INFO - 08/07/21 09:50:10 - 0:08:06 - Writing pair translation to /home/m13517114/sekar/MUSE/dumped/debug/37xh8fiu1a/csls_knn_10-translation-su_id.txt ...
INFO - 08/07/21 09:50:10 - 0:08:06 - Writing pair translation to /home/m13517114/sekar/MUSE/dumped/debug/37xh8fiu1a/nn-translation-su_id.txt ...
INFO - 08/07/21 09:50:10 - 0:08:06 - Writing pair translation to /home/m13517114/sekar/MUSE/dumped/debug/37xh8fiu1a/csls_knn_10-translation-su_id.txt ...
INFO - 08/07/21 09:50:10 - 0:08:06 - Writing pair translation to /home/m13517114/sekar/MUSE/dumped/debug/37xh8fiu1a/nn-translation-su_id.txt ...
INFO - 08/07/21 09:50:10 - 0:08:06 - Writing pair translation to /home/m13517114/sekar/MUSE/dumped/debug/37xh8fiu1a/csls_knn_10-translation-su_id.txt ...
INFO - 08/07/21 09:50:10 - 0:08:06 - Writing pair translation to /home/m13517114/sekar/MUSE/dumped/debug/37xh8fiu1a/nn-translation-su_id.txt ...
INFO - 08/07/21 09:50:10 - 0:08:06 - Writing pair translation to /home/m13517114/sekar/MUSE/dumped/debug/37xh8fiu1a/csls_knn_10-translation-su_id.txt ...
INFO - 08/07/21 09:50:10 - 0:08:07 - Writing pair translation to /home/m13517114/sekar/MUSE/dumped/debug/37xh8fiu1a/nn-translation-su_id.txt ...
INFO - 08/07/21 09:50:10 - 0:08:07 - Writing pair translation to /home/m13517114/sekar/MUSE/dumped/debug/37xh8fiu1a/csls_knn_10-translation-su_id.txt ...
